This file contains any messages produced by compilers while
running configure, to aid debugging if configure makes a mistake.

It was created by libiconv configure 0, which was
generated by GNU Autoconf 2.69.  Invocation command line was

  $ ./configure --disable-option-checking --silent --prefix=/Users/lihanguang/dev_kit/haskell/ghc-build-scripts/dist/libiconv_prefix/aarch64-linux-android --host=aarch64-linux-android --with-sysroot=/Users/lihanguang/dev_kit/Android/sdk/ndk-bundle/platforms/android-21/arch-arm64 --enable-shared=yes --enable-static=yes host_alias=aarch64-linux-android CFLAGS=--sysroot=/Users/lihanguang/dev_kit/Android/sdk/ndk-bundle/platforms/android-21/arch-arm64 -L/Users/lihanguang/dev_kit/Android/sdk/ndk-bundle/toolchains/aarch64-linux-android-4.9/prebuilt/darwin-x86_64/lib/gcc/aarch64-linux-android/4.9.x CPPFLAGS=--sysroot=/Users/lihanguang/dev_kit/Android/sdk/ndk-bundle/platforms/android-21/arch-arm64 --cache-file=/dev/null --srcdir=.

## --------- ##
## Platform. ##
## --------- ##

hostname = lihanguangs-MacBook-Pro.local
uname -m = x86_64
uname -r = 18.2.0
uname -s = Darwin
uname -v = Darwin Kernel Version 18.2.0: Thu Dec 20 20:46:53 PST 2018; root:xnu-4903.241.1~1/RELEASE_X86_64

/usr/bin/uname -p = i386
/bin/uname -X     = unknown

/bin/arch              = unknown
/usr/bin/arch -k       = unknown
/usr/convex/getsysinfo = unknown
/usr/bin/hostinfo      = Mach kernel version:
	 Darwin Kernel Version 18.2.0: Thu Dec 20 20:46:53 PST 2018; root:xnu-4903.241.1~1/RELEASE_X86_64
Kernel configured for up to 4 processors.
2 processors are physically available.
4 processors are logically available.
Processor type: x86_64h (Intel x86-64h Haswell)
Processors active: 0 1 2 3
Primary memory available: 8.00 gigabytes
Default processor set: 340 tasks, 1343 threads, 4 processors
Load average: 2.02, Mach factor: 1.98
/bin/machine           = unknown
/usr/bin/oslevel       = unknown
/bin/universe          = unknown

PATH: /Users/lihanguang/dev_kit/Android/sdk/ndk-bundle/toolchains/aarch64-linux-android-4.9/prebuilt/darwin-x86_64/bin
PATH: /Users/lihanguang/.nvm/versions/node/v11.2.0/bin
PATH: /Users/lihanguang/dev_kit/haskell/clang+llvm-5.0.0-x86_64-apple-darwin/bin
PATH: /Users/lihanguang/dev_kit/haskell/ghc-8.4.0.20180109-aarch64-linux-android/bin
PATH: /Users/lihanguang/dev_kit/haskell/ghc-8.6.5-20190531-armv7-linux-androideabi/bin
PATH: /Users/lihanguang/dev_kit/haskell/ghc-8.4.0.20180109-armv7-linux-androideabi/bin
PATH: /Users/lihanguang/dev_kit/haskell/ghc-8.4.0.20180109-x86_64-linux-android/bin
PATH: /Users/lihanguang/dev_kit/haskell/ghc-8.4.0.20180109-aarch64-apple-ios/bin
PATH: /Users/lihanguang/dev_kit/haskell/ghc-8.4.0.20180109-x86_64-apple-ios/bin
PATH: /Users/lihanguang/dev_kit/haskell/toolchain-wrapper
PATH: /Users/lihanguang/dev_kit/Android/sdk/ndk-bundle/toolchains/aarch64-linux-android-4.9/prebuilt/darwin-x86_64/bin
PATH: /Users/lihanguang/dev_kit/Android/sdk/ndk-bundle/toolchains/arm-linux-androideabi-4.9/prebuilt/darwin-x86_64/bin
PATH: /Users/lihanguang/dev_kit/haskell/ghc-8.2.1/dist/bin
PATH: /Users/lihanguang/bin
PATH: /usr/local/bin
PATH: /usr/local/bin
PATH: /usr/bin
PATH: /bin
PATH: /usr/sbin
PATH: /sbin
PATH: /usr/local/go/bin
PATH: /Applications/Android Studio 3.3.app/Contents/jre/jdk/Contents/Home/bin
PATH: /Users/lihanguang/dev_kit/Android/sdk/tools
PATH: /Users/lihanguang/dev_kit/Android/sdk/platform-tools
PATH: /Users/lihanguang/dev_kit/Android/sdk/ndk-bundle
PATH: /Users/lihanguang/dev_kit/Android/kotlin-native/dist/bin
PATH: /Users/lihanguang/.gradle/wrapper/dists/gradle-4.10.3-all/81msde2dx9p4vji0mjgtvxkcb/gradle-4.10.3/bin
PATH: /Users/lihanguang/dev_kit/Android/flutter/bin
PATH: /Users/lihanguang/dev_kit/Android/flutter/bin/cache/dart-sdk/bin
PATH: /Users/lihanguang/.cargo/bin
PATH: /Users/lihanguang/.local/bin
PATH: /Users/lihanguang/.local/bin
PATH: /Users/lihanguang/.asdf/bin
PATH: /Users/lihanguang/.asdf/installs/erlang/21.3.6/bin
PATH: /Users/lihanguang/.asdf/installs/elixir/1.8.1/bin
PATH: /Users/lihanguang/.asdf/shims


## ----------- ##
## Core tests. ##
## ----------- ##

configure:2198: checking whether make sets $(MAKE)
configure:2220: result: yes
configure:2239: checking for aarch64-linux-android-gcc
configure:2255: found /Users/lihanguang/dev_kit/Android/sdk/ndk-bundle/toolchains/aarch64-linux-android-4.9/prebuilt/darwin-x86_64/bin/aarch64-linux-android-gcc
configure:2266: result: aarch64-linux-android-gcc
configure:2535: checking for C compiler version
configure:2544: aarch64-linux-android-gcc --version >&5
aarch64-linux-android-gcc (GCC) 4.9.x 20150123 (prerelease)
Copyright (C) 2014 Free Software Foundation, Inc.
This is free software; see the source for copying conditions.  There is NO
warranty; not even for MERCHANTABILITY or FITNESS FOR A PARTICULAR PURPOSE.

configure:2555: $? = 0
configure:2544: aarch64-linux-android-gcc -v >&5
Using built-in specs.
COLLECT_GCC=aarch64-linux-android-gcc
COLLECT_LTO_WRAPPER=/Users/lihanguang/dev_kit/Android/sdk/ndk-bundle/toolchains/aarch64-linux-android-4.9/prebuilt/darwin-x86_64/bin/../libexec/gcc/aarch64-linux-android/4.9.x/lto-wrapper
Target: aarch64-linux-android
Configured with: /Volumes/Android/buildbot/src/android/gcc/toolchain/build/../gcc/gcc-4.9/configure --prefix=/tmp/118a072655ec599826c2fad30bdf4c73 --target=aarch64-linux-android --host=x86_64-apple-darwin --build=x86_64-apple-darwin --with-gnu-as --with-gnu-ld --enable-languages=c,c++ --with-gmp=/buildbot/tmp/build/toolchain/temp-install --with-mpfr=/buildbot/tmp/build/toolchain/temp-install --with-mpc=/buildbot/tmp/build/toolchain/temp-install --with-cloog=/buildbot/tmp/build/toolchain/temp-install --with-isl=/buildbot/tmp/build/toolchain/temp-install --with-ppl=/buildbot/tmp/build/toolchain/temp-install --disable-ppl-version-check --disable-cloog-version-check --disable-isl-version-check --enable-cloog-backend=isl --with-host-libstdcxx='-static-libgcc -lstdc++ -lm' --disable-libssp --enable-threads --disable-nls --disable-libmudflap --disable-libgomp --disable-libstdc__-v3 --disable-sjlj-exceptions --disable-shared --disable-tls --disable-libitm --enable-bionic-libs --enable-libatomic-ifuncs=no --enable-initfini-array --disable-nls --prefix=/tmp/118a072655ec599826c2fad30bdf4c73 --with-sysroot=/tmp/118a072655ec599826c2fad30bdf4c73/sysroot --with-binutils-version=2.25 --with-mpfr-version=3.1.1 --with-mpc-version=1.0.1 --with-gmp-version=5.0.5 --with-gcc-version=4.9 --with-gdb-version=none --with-gxx-include-dir=/tmp/118a072655ec599826c2fad30bdf4c73/include/c++/4.9.x --with-bugurl=http://source.android.com/source/report-bugs.html --enable-languages=c,c++ --disable-bootstrap --enable-plugins --enable-libgomp --enable-gnu-indirect-function --disable-libsanitizer --enable-gold --enable-ld=default --enable-threads --enable-eh-frame-hdr-for-static --enable-fix-cortex-a53-835769 --enable-graphite=yes --with-isl-version=0.11.1 --with-cloog-version=0.18.0 --program-transform-name='s&^&aarch64-linux-android-&' --enable-gold
Thread model: posix
gcc version 4.9.x 20150123 (prerelease) (GCC) 
configure:2555: $? = 0
configure:2544: aarch64-linux-android-gcc -V >&5
aarch64-linux-android-gcc: error: unrecognized command line option '-V'
aarch64-linux-android-gcc: fatal error: no input files
compilation terminated.
configure:2555: $? = 1
configure:2544: aarch64-linux-android-gcc -qversion >&5
aarch64-linux-android-gcc: error: unrecognized command line option '-qversion'
aarch64-linux-android-gcc: fatal error: no input files
compilation terminated.
configure:2555: $? = 1
configure:2575: checking whether the C compiler works
configure:2597: aarch64-linux-android-gcc --sysroot=/Users/lihanguang/dev_kit/Android/sdk/ndk-bundle/platforms/android-21/arch-arm64 -L/Users/lihanguang/dev_kit/Android/sdk/ndk-bundle/toolchains/aarch64-linux-android-4.9/prebuilt/darwin-x86_64/lib/gcc/aarch64-linux-android/4.9.x --sysroot=/Users/lihanguang/dev_kit/Android/sdk/ndk-bundle/platforms/android-21/arch-arm64  conftest.c  >&5
configure:2601: $? = 0
configure:2649: result: yes
configure:2652: checking for C compiler default output file name
configure:2654: result: a.out
configure:2660: checking for suffix of executables
configure:2667: aarch64-linux-android-gcc -o conftest --sysroot=/Users/lihanguang/dev_kit/Android/sdk/ndk-bundle/platforms/android-21/arch-arm64 -L/Users/lihanguang/dev_kit/Android/sdk/ndk-bundle/toolchains/aarch64-linux-android-4.9/prebuilt/darwin-x86_64/lib/gcc/aarch64-linux-android/4.9.x --sysroot=/Users/lihanguang/dev_kit/Android/sdk/ndk-bundle/platforms/android-21/arch-arm64  conftest.c  >&5
configure:2671: $? = 0
configure:2693: result: 
configure:2715: checking whether we are cross compiling
configure:2723: aarch64-linux-android-gcc -o conftest --sysroot=/Users/lihanguang/dev_kit/Android/sdk/ndk-bundle/platforms/android-21/arch-arm64 -L/Users/lihanguang/dev_kit/Android/sdk/ndk-bundle/toolchains/aarch64-linux-android-4.9/prebuilt/darwin-x86_64/lib/gcc/aarch64-linux-android/4.9.x --sysroot=/Users/lihanguang/dev_kit/Android/sdk/ndk-bundle/platforms/android-21/arch-arm64  conftest.c  >&5
configure:2727: $? = 0
configure:2734: ./conftest
./configure: line 2736: ./conftest: cannot execute binary file
configure:2738: $? = 126
configure:2753: result: yes
configure:2758: checking for suffix of object files
configure:2780: aarch64-linux-android-gcc -c --sysroot=/Users/lihanguang/dev_kit/Android/sdk/ndk-bundle/platforms/android-21/arch-arm64 -L/Users/lihanguang/dev_kit/Android/sdk/ndk-bundle/toolchains/aarch64-linux-android-4.9/prebuilt/darwin-x86_64/lib/gcc/aarch64-linux-android/4.9.x --sysroot=/Users/lihanguang/dev_kit/Android/sdk/ndk-bundle/platforms/android-21/arch-arm64 conftest.c >&5
configure:2784: $? = 0
configure:2805: result: o
configure:2809: checking whether we are using the GNU C compiler
configure:2828: aarch64-linux-android-gcc -c --sysroot=/Users/lihanguang/dev_kit/Android/sdk/ndk-bundle/platforms/android-21/arch-arm64 -L/Users/lihanguang/dev_kit/Android/sdk/ndk-bundle/toolchains/aarch64-linux-android-4.9/prebuilt/darwin-x86_64/lib/gcc/aarch64-linux-android/4.9.x --sysroot=/Users/lihanguang/dev_kit/Android/sdk/ndk-bundle/platforms/android-21/arch-arm64 conftest.c >&5
configure:2828: $? = 0
configure:2837: result: yes
configure:2846: checking whether aarch64-linux-android-gcc accepts -g
configure:2866: aarch64-linux-android-gcc -c -g --sysroot=/Users/lihanguang/dev_kit/Android/sdk/ndk-bundle/platforms/android-21/arch-arm64 conftest.c >&5
configure:2866: $? = 0
configure:2907: result: yes
configure:2924: checking for aarch64-linux-android-gcc option to accept ISO C89
configure:2987: aarch64-linux-android-gcc  -c --sysroot=/Users/lihanguang/dev_kit/Android/sdk/ndk-bundle/platforms/android-21/arch-arm64 -L/Users/lihanguang/dev_kit/Android/sdk/ndk-bundle/toolchains/aarch64-linux-android-4.9/prebuilt/darwin-x86_64/lib/gcc/aarch64-linux-android/4.9.x --sysroot=/Users/lihanguang/dev_kit/Android/sdk/ndk-bundle/platforms/android-21/arch-arm64 conftest.c >&5
configure:2987: $? = 0
configure:3000: result: none needed
configure:3025: checking how to run the C preprocessor
configure:3056: aarch64-linux-android-gcc -E --sysroot=/Users/lihanguang/dev_kit/Android/sdk/ndk-bundle/platforms/android-21/arch-arm64 conftest.c
configure:3056: $? = 0
configure:3070: aarch64-linux-android-gcc -E --sysroot=/Users/lihanguang/dev_kit/Android/sdk/ndk-bundle/platforms/android-21/arch-arm64 conftest.c
conftest.c:9:28: fatal error: ac_nonexistent.h: No such file or directory
 #include <ac_nonexistent.h>
                            ^
compilation terminated.
configure:3070: $? = 1
configure: failed program was:
| /* confdefs.h */
| #define PACKAGE_NAME "libiconv"
| #define PACKAGE_TARNAME "libiconv"
| #define PACKAGE_VERSION "0"
| #define PACKAGE_STRING "libiconv 0"
| #define PACKAGE_BUGREPORT ""
| #define PACKAGE_URL ""
| /* end confdefs.h.  */
| #include <ac_nonexistent.h>
configure:3095: result: aarch64-linux-android-gcc -E
configure:3115: aarch64-linux-android-gcc -E --sysroot=/Users/lihanguang/dev_kit/Android/sdk/ndk-bundle/platforms/android-21/arch-arm64 conftest.c
configure:3115: $? = 0
configure:3129: aarch64-linux-android-gcc -E --sysroot=/Users/lihanguang/dev_kit/Android/sdk/ndk-bundle/platforms/android-21/arch-arm64 conftest.c
conftest.c:9:28: fatal error: ac_nonexistent.h: No such file or directory
 #include <ac_nonexistent.h>
                            ^
compilation terminated.
configure:3129: $? = 1
configure: failed program was:
| /* confdefs.h */
| #define PACKAGE_NAME "libiconv"
| #define PACKAGE_TARNAME "libiconv"
| #define PACKAGE_VERSION "0"
| #define PACKAGE_STRING "libiconv 0"
| #define PACKAGE_BUGREPORT ""
| #define PACKAGE_URL ""
| /* end confdefs.h.  */
| #include <ac_nonexistent.h>
configure:3171: checking for a BSD-compatible install
configure:3239: result: /usr/local/bin/ginstall -c
configure:3256: checking build system type
configure:3270: result: x86_64-apple-darwin18.2.0
configure:3290: checking host system type
configure:3303: result: aarch64-unknown-linux-android
configure:3326: checking whether to activate relocatable installation
configure:3341: result: no
configure:3367: checking whether ln -s works
configure:3371: result: yes
configure:3382: checking for grep that handles long lines and -e
configure:3440: result: /usr/bin/grep
configure:3445: checking for egrep
configure:3507: result: /usr/bin/grep -E
configure:3512: checking for ANSI C header files
configure:3532: aarch64-linux-android-gcc -c --sysroot=/Users/lihanguang/dev_kit/Android/sdk/ndk-bundle/platforms/android-21/arch-arm64 -L/Users/lihanguang/dev_kit/Android/sdk/ndk-bundle/toolchains/aarch64-linux-android-4.9/prebuilt/darwin-x86_64/lib/gcc/aarch64-linux-android/4.9.x --sysroot=/Users/lihanguang/dev_kit/Android/sdk/ndk-bundle/platforms/android-21/arch-arm64 conftest.c >&5
configure:3532: $? = 0
configure:3616: result: yes
configure:3629: checking for sys/types.h
configure:3629: aarch64-linux-android-gcc -c --sysroot=/Users/lihanguang/dev_kit/Android/sdk/ndk-bundle/platforms/android-21/arch-arm64 -L/Users/lihanguang/dev_kit/Android/sdk/ndk-bundle/toolchains/aarch64-linux-android-4.9/prebuilt/darwin-x86_64/lib/gcc/aarch64-linux-android/4.9.x --sysroot=/Users/lihanguang/dev_kit/Android/sdk/ndk-bundle/platforms/android-21/arch-arm64 conftest.c >&5
configure:3629: $? = 0
configure:3629: result: yes
configure:3629: checking for sys/stat.h
configure:3629: aarch64-linux-android-gcc -c --sysroot=/Users/lihanguang/dev_kit/Android/sdk/ndk-bundle/platforms/android-21/arch-arm64 -L/Users/lihanguang/dev_kit/Android/sdk/ndk-bundle/toolchains/aarch64-linux-android-4.9/prebuilt/darwin-x86_64/lib/gcc/aarch64-linux-android/4.9.x --sysroot=/Users/lihanguang/dev_kit/Android/sdk/ndk-bundle/platforms/android-21/arch-arm64 conftest.c >&5
configure:3629: $? = 0
configure:3629: result: yes
configure:3629: checking for stdlib.h
configure:3629: aarch64-linux-android-gcc -c --sysroot=/Users/lihanguang/dev_kit/Android/sdk/ndk-bundle/platforms/android-21/arch-arm64 -L/Users/lihanguang/dev_kit/Android/sdk/ndk-bundle/toolchains/aarch64-linux-android-4.9/prebuilt/darwin-x86_64/lib/gcc/aarch64-linux-android/4.9.x --sysroot=/Users/lihanguang/dev_kit/Android/sdk/ndk-bundle/platforms/android-21/arch-arm64 conftest.c >&5
configure:3629: $? = 0
configure:3629: result: yes
configure:3629: checking for string.h
configure:3629: aarch64-linux-android-gcc -c --sysroot=/Users/lihanguang/dev_kit/Android/sdk/ndk-bundle/platforms/android-21/arch-arm64 -L/Users/lihanguang/dev_kit/Android/sdk/ndk-bundle/toolchains/aarch64-linux-android-4.9/prebuilt/darwin-x86_64/lib/gcc/aarch64-linux-android/4.9.x --sysroot=/Users/lihanguang/dev_kit/Android/sdk/ndk-bundle/platforms/android-21/arch-arm64 conftest.c >&5
configure:3629: $? = 0
configure:3629: result: yes
configure:3629: checking for memory.h
configure:3629: aarch64-linux-android-gcc -c --sysroot=/Users/lihanguang/dev_kit/Android/sdk/ndk-bundle/platforms/android-21/arch-arm64 -L/Users/lihanguang/dev_kit/Android/sdk/ndk-bundle/toolchains/aarch64-linux-android-4.9/prebuilt/darwin-x86_64/lib/gcc/aarch64-linux-android/4.9.x --sysroot=/Users/lihanguang/dev_kit/Android/sdk/ndk-bundle/platforms/android-21/arch-arm64 conftest.c >&5
configure:3629: $? = 0
configure:3629: result: yes
configure:3629: checking for strings.h
configure:3629: aarch64-linux-android-gcc -c --sysroot=/Users/lihanguang/dev_kit/Android/sdk/ndk-bundle/platforms/android-21/arch-arm64 -L/Users/lihanguang/dev_kit/Android/sdk/ndk-bundle/toolchains/aarch64-linux-android-4.9/prebuilt/darwin-x86_64/lib/gcc/aarch64-linux-android/4.9.x --sysroot=/Users/lihanguang/dev_kit/Android/sdk/ndk-bundle/platforms/android-21/arch-arm64 conftest.c >&5
configure:3629: $? = 0
configure:3629: result: yes
configure:3629: checking for inttypes.h
configure:3629: aarch64-linux-android-gcc -c --sysroot=/Users/lihanguang/dev_kit/Android/sdk/ndk-bundle/platforms/android-21/arch-arm64 -L/Users/lihanguang/dev_kit/Android/sdk/ndk-bundle/toolchains/aarch64-linux-android-4.9/prebuilt/darwin-x86_64/lib/gcc/aarch64-linux-android/4.9.x --sysroot=/Users/lihanguang/dev_kit/Android/sdk/ndk-bundle/platforms/android-21/arch-arm64 conftest.c >&5
configure:3629: $? = 0
configure:3629: result: yes
configure:3629: checking for stdint.h
configure:3629: aarch64-linux-android-gcc -c --sysroot=/Users/lihanguang/dev_kit/Android/sdk/ndk-bundle/platforms/android-21/arch-arm64 -L/Users/lihanguang/dev_kit/Android/sdk/ndk-bundle/toolchains/aarch64-linux-android-4.9/prebuilt/darwin-x86_64/lib/gcc/aarch64-linux-android/4.9.x --sysroot=/Users/lihanguang/dev_kit/Android/sdk/ndk-bundle/platforms/android-21/arch-arm64 conftest.c >&5
configure:3629: $? = 0
configure:3629: result: yes
configure:3629: checking for unistd.h
configure:3629: aarch64-linux-android-gcc -c --sysroot=/Users/lihanguang/dev_kit/Android/sdk/ndk-bundle/platforms/android-21/arch-arm64 -L/Users/lihanguang/dev_kit/Android/sdk/ndk-bundle/toolchains/aarch64-linux-android-4.9/prebuilt/darwin-x86_64/lib/gcc/aarch64-linux-android/4.9.x --sysroot=/Users/lihanguang/dev_kit/Android/sdk/ndk-bundle/platforms/android-21/arch-arm64 conftest.c >&5
configure:3629: $? = 0
configure:3629: result: yes
configure:3642: checking minix/config.h usability
configure:3642: aarch64-linux-android-gcc -c --sysroot=/Users/lihanguang/dev_kit/Android/sdk/ndk-bundle/platforms/android-21/arch-arm64 -L/Users/lihanguang/dev_kit/Android/sdk/ndk-bundle/toolchains/aarch64-linux-android-4.9/prebuilt/darwin-x86_64/lib/gcc/aarch64-linux-android/4.9.x --sysroot=/Users/lihanguang/dev_kit/Android/sdk/ndk-bundle/platforms/android-21/arch-arm64 conftest.c >&5
conftest.c:53:26: fatal error: minix/config.h: No such file or directory
 #include <minix/config.h>
                          ^
compilation terminated.
configure:3642: $? = 1
configure: failed program was:
| /* confdefs.h */
| #define PACKAGE_NAME "libiconv"
| #define PACKAGE_TARNAME "libiconv"
| #define PACKAGE_VERSION "0"
| #define PACKAGE_STRING "libiconv 0"
| #define PACKAGE_BUGREPORT ""
| #define PACKAGE_URL ""
| #define INSTALLPREFIX "/Users/lihanguang/dev_kit/haskell/ghc-build-scripts/dist/libiconv_prefix/aarch64-linux-android"
| #define STDC_HEADERS 1
| #define HAVE_SYS_TYPES_H 1
| #define HAVE_SYS_STAT_H 1
| #define HAVE_STDLIB_H 1
| #define HAVE_STRING_H 1
| #define HAVE_MEMORY_H 1
| #define HAVE_STRINGS_H 1
| #define HAVE_INTTYPES_H 1
| #define HAVE_STDINT_H 1
| #define HAVE_UNISTD_H 1
| /* end confdefs.h.  */
| #include <stdio.h>
| #ifdef HAVE_SYS_TYPES_H
| # include <sys/types.h>
| #endif
| #ifdef HAVE_SYS_STAT_H
| # include <sys/stat.h>
| #endif
| #ifdef STDC_HEADERS
| # include <stdlib.h>
| # include <stddef.h>
| #else
| # ifdef HAVE_STDLIB_H
| #  include <stdlib.h>
| # endif
| #endif
| #ifdef HAVE_STRING_H
| # if !defined STDC_HEADERS && defined HAVE_MEMORY_H
| #  include <memory.h>
| # endif
| # include <string.h>
| #endif
| #ifdef HAVE_STRINGS_H
| # include <strings.h>
| #endif
| #ifdef HAVE_INTTYPES_H
| # include <inttypes.h>
| #endif
| #ifdef HAVE_STDINT_H
| # include <stdint.h>
| #endif
| #ifdef HAVE_UNISTD_H
| # include <unistd.h>
| #endif
| #include <minix/config.h>
configure:3642: result: no
configure:3642: checking minix/config.h presence
configure:3642: aarch64-linux-android-gcc -E --sysroot=/Users/lihanguang/dev_kit/Android/sdk/ndk-bundle/platforms/android-21/arch-arm64 conftest.c
conftest.c:20:26: fatal error: minix/config.h: No such file or directory
 #include <minix/config.h>
                          ^
compilation terminated.
configure:3642: $? = 1
configure: failed program was:
| /* confdefs.h */
| #define PACKAGE_NAME "libiconv"
| #define PACKAGE_TARNAME "libiconv"
| #define PACKAGE_VERSION "0"
| #define PACKAGE_STRING "libiconv 0"
| #define PACKAGE_BUGREPORT ""
| #define PACKAGE_URL ""
| #define INSTALLPREFIX "/Users/lihanguang/dev_kit/haskell/ghc-build-scripts/dist/libiconv_prefix/aarch64-linux-android"
| #define STDC_HEADERS 1
| #define HAVE_SYS_TYPES_H 1
| #define HAVE_SYS_STAT_H 1
| #define HAVE_STDLIB_H 1
| #define HAVE_STRING_H 1
| #define HAVE_MEMORY_H 1
| #define HAVE_STRINGS_H 1
| #define HAVE_INTTYPES_H 1
| #define HAVE_STDINT_H 1
| #define HAVE_UNISTD_H 1
| /* end confdefs.h.  */
| #include <minix/config.h>
configure:3642: result: no
configure:3642: checking for minix/config.h
configure:3642: result: no
configure:3666: checking whether it is safe to define __EXTENSIONS__
configure:3684: aarch64-linux-android-gcc -c --sysroot=/Users/lihanguang/dev_kit/Android/sdk/ndk-bundle/platforms/android-21/arch-arm64 -L/Users/lihanguang/dev_kit/Android/sdk/ndk-bundle/toolchains/aarch64-linux-android-4.9/prebuilt/darwin-x86_64/lib/gcc/aarch64-linux-android/4.9.x --sysroot=/Users/lihanguang/dev_kit/Android/sdk/ndk-bundle/platforms/android-21/arch-arm64 conftest.c >&5
configure:3684: $? = 0
configure:3691: result: yes
configure:3720: checking whether _XOPEN_SOURCE should be defined
configure:3739: aarch64-linux-android-gcc -c --sysroot=/Users/lihanguang/dev_kit/Android/sdk/ndk-bundle/platforms/android-21/arch-arm64 -L/Users/lihanguang/dev_kit/Android/sdk/ndk-bundle/toolchains/aarch64-linux-android-4.9/prebuilt/darwin-x86_64/lib/gcc/aarch64-linux-android/4.9.x --sysroot=/Users/lihanguang/dev_kit/Android/sdk/ndk-bundle/platforms/android-21/arch-arm64 conftest.c >&5
configure:3739: $? = 0
configure:3763: result: no
configure:3823: checking how to print strings
configure:3850: result: printf
configure:3871: checking for a sed that does not truncate output
configure:3935: result: /usr/bin/sed
configure:3953: checking for fgrep
configure:4015: result: /usr/bin/grep -F
configure:4050: checking for ld used by aarch64-linux-android-gcc
configure:4117: result: /Users/lihanguang/dev_kit/Android/sdk/ndk-bundle/toolchains/aarch64-linux-android-4.9/prebuilt/darwin-x86_64/aarch64-linux-android/bin/ld
configure:4124: checking if the linker (/Users/lihanguang/dev_kit/Android/sdk/ndk-bundle/toolchains/aarch64-linux-android-4.9/prebuilt/darwin-x86_64/aarch64-linux-android/bin/ld) is GNU ld
configure:4139: result: yes
configure:4151: checking for BSD- or MS-compatible name lister (nm)
configure:4205: result: /Users/lihanguang/dev_kit/Android/sdk/ndk-bundle/toolchains/aarch64-linux-android-4.9/prebuilt/darwin-x86_64/bin/aarch64-linux-android-nm -B
configure:4335: checking the name lister (/Users/lihanguang/dev_kit/Android/sdk/ndk-bundle/toolchains/aarch64-linux-android-4.9/prebuilt/darwin-x86_64/bin/aarch64-linux-android-nm -B) interface
configure:4342: aarch64-linux-android-gcc -c --sysroot=/Users/lihanguang/dev_kit/Android/sdk/ndk-bundle/platforms/android-21/arch-arm64 -L/Users/lihanguang/dev_kit/Android/sdk/ndk-bundle/toolchains/aarch64-linux-android-4.9/prebuilt/darwin-x86_64/lib/gcc/aarch64-linux-android/4.9.x --sysroot=/Users/lihanguang/dev_kit/Android/sdk/ndk-bundle/platforms/android-21/arch-arm64 conftest.c >&5
configure:4345: /Users/lihanguang/dev_kit/Android/sdk/ndk-bundle/toolchains/aarch64-linux-android-4.9/prebuilt/darwin-x86_64/bin/aarch64-linux-android-nm -B "conftest.o"
configure:4348: output
0000000000000000 B some_variable
configure:4355: result: BSD nm
configure:4359: checking the maximum length of command line arguments
configure:4490: result: 196608
configure:4538: checking how to convert x86_64-apple-darwin18.2.0 file names to aarch64-unknown-linux-android format
configure:4578: result: func_convert_file_noop
configure:4585: checking how to convert x86_64-apple-darwin18.2.0 file names to toolchain format
configure:4605: result: func_convert_file_noop
configure:4612: checking for /Users/lihanguang/dev_kit/Android/sdk/ndk-bundle/toolchains/aarch64-linux-android-4.9/prebuilt/darwin-x86_64/aarch64-linux-android/bin/ld option to reload object files
configure:4619: result: -r
configure:4653: checking for aarch64-linux-android-objdump
configure:4669: found /Users/lihanguang/dev_kit/Android/sdk/ndk-bundle/toolchains/aarch64-linux-android-4.9/prebuilt/darwin-x86_64/bin/aarch64-linux-android-objdump
configure:4680: result: aarch64-linux-android-objdump
configure:4749: checking how to recognize dependent libraries
configure:4949: result: pass_all
configure:4994: checking for aarch64-linux-android-dlltool
configure:5024: result: no
configure:5034: checking for dlltool
configure:5064: result: no
configure:5091: checking how to associate runtime and link libraries
configure:5118: result: printf %s\n
configure:5134: checking for aarch64-linux-android-ar
configure:5161: result: aarch64-linux-android-ar
configure:5242: checking for archiver @FILE support
configure:5259: aarch64-linux-android-gcc -c --sysroot=/Users/lihanguang/dev_kit/Android/sdk/ndk-bundle/platforms/android-21/arch-arm64 -L/Users/lihanguang/dev_kit/Android/sdk/ndk-bundle/toolchains/aarch64-linux-android-4.9/prebuilt/darwin-x86_64/lib/gcc/aarch64-linux-android/4.9.x --sysroot=/Users/lihanguang/dev_kit/Android/sdk/ndk-bundle/platforms/android-21/arch-arm64 conftest.c >&5
configure:5259: $? = 0
configure:5262: aarch64-linux-android-ar cru libconftest.a @conftest.lst >&5
configure:5265: $? = 0
configure:5270: aarch64-linux-android-ar cru libconftest.a @conftest.lst >&5
aarch64-linux-android-ar: conftest.o: No such file or directory
configure:5273: $? = 1
configure:5285: result: @
configure:5303: checking for aarch64-linux-android-strip
configure:5319: found /Users/lihanguang/dev_kit/Android/sdk/ndk-bundle/toolchains/aarch64-linux-android-4.9/prebuilt/darwin-x86_64/bin/aarch64-linux-android-strip
configure:5330: result: aarch64-linux-android-strip
configure:5402: checking for aarch64-linux-android-ranlib
configure:5429: result: aarch64-linux-android-ranlib
configure:5546: checking for gawk
configure:5576: result: no
configure:5546: checking for mawk
configure:5576: result: no
configure:5546: checking for nawk
configure:5576: result: no
configure:5546: checking for awk
configure:5562: found /usr/bin/awk
configure:5573: result: awk
configure:5613: checking command to parse /Users/lihanguang/dev_kit/Android/sdk/ndk-bundle/toolchains/aarch64-linux-android-4.9/prebuilt/darwin-x86_64/bin/aarch64-linux-android-nm -B output from aarch64-linux-android-gcc object
configure:5766: aarch64-linux-android-gcc -c --sysroot=/Users/lihanguang/dev_kit/Android/sdk/ndk-bundle/platforms/android-21/arch-arm64 -L/Users/lihanguang/dev_kit/Android/sdk/ndk-bundle/toolchains/aarch64-linux-android-4.9/prebuilt/darwin-x86_64/lib/gcc/aarch64-linux-android/4.9.x --sysroot=/Users/lihanguang/dev_kit/Android/sdk/ndk-bundle/platforms/android-21/arch-arm64 conftest.c >&5
configure:5769: $? = 0
configure:5773: /Users/lihanguang/dev_kit/Android/sdk/ndk-bundle/toolchains/aarch64-linux-android-4.9/prebuilt/darwin-x86_64/bin/aarch64-linux-android-nm -B conftest.o \| sed -n -e 's/^.*[ ]\([ABCDGIRSTW][ABCDGIRSTW]*\)[ ][ ]*\([_A-Za-z][_A-Za-z0-9]*\)$/\1 \2 \2/p' | sed '/ __gnu_lto/d' \> conftest.nm
configure:5776: $? = 0
configure:5842: aarch64-linux-android-gcc -o conftest --sysroot=/Users/lihanguang/dev_kit/Android/sdk/ndk-bundle/platforms/android-21/arch-arm64 -L/Users/lihanguang/dev_kit/Android/sdk/ndk-bundle/toolchains/aarch64-linux-android-4.9/prebuilt/darwin-x86_64/lib/gcc/aarch64-linux-android/4.9.x --sysroot=/Users/lihanguang/dev_kit/Android/sdk/ndk-bundle/platforms/android-21/arch-arm64  conftest.c conftstm.o >&5
configure:5845: $? = 0
configure:5883: result: ok
configure:5930: checking for sysroot
configure:5960: result: /Users/lihanguang/dev_kit/Android/sdk/ndk-bundle/platforms/android-21/arch-arm64
configure:5967: checking for a working dd
configure:6005: result: /bin/dd
configure:6009: checking how to truncate binary pipes
configure:6024: result: /bin/dd bs=4096 count=1
configure:6313: checking for aarch64-linux-android-mt
configure:6343: result: no
configure:6353: checking for mt
configure:6383: result: no
configure:6403: checking if : is a manifest tool
configure:6409: : '-?'
configure:6417: result: no
configure:7091: checking for dlfcn.h
configure:7091: aarch64-linux-android-gcc -c --sysroot=/Users/lihanguang/dev_kit/Android/sdk/ndk-bundle/platforms/android-21/arch-arm64 -L/Users/lihanguang/dev_kit/Android/sdk/ndk-bundle/toolchains/aarch64-linux-android-4.9/prebuilt/darwin-x86_64/lib/gcc/aarch64-linux-android/4.9.x --sysroot=/Users/lihanguang/dev_kit/Android/sdk/ndk-bundle/platforms/android-21/arch-arm64 conftest.c >&5
configure:7091: $? = 0
configure:7091: result: yes
configure:7645: checking for objdir
configure:7660: result: .libs
configure:7924: checking if aarch64-linux-android-gcc supports -fno-rtti -fno-exceptions
configure:7942: aarch64-linux-android-gcc -c --sysroot=/Users/lihanguang/dev_kit/Android/sdk/ndk-bundle/platforms/android-21/arch-arm64 -L/Users/lihanguang/dev_kit/Android/sdk/ndk-bundle/toolchains/aarch64-linux-android-4.9/prebuilt/darwin-x86_64/lib/gcc/aarch64-linux-android/4.9.x --sysroot=/Users/lihanguang/dev_kit/Android/sdk/ndk-bundle/platforms/android-21/arch-arm64 -fno-rtti -fno-exceptions conftest.c >&5
cc1: warning: command line option '-fno-rtti' is valid for C++/ObjC++ but not for C
configure:7946: $? = 0
configure:7959: result: no
configure:8317: checking for aarch64-linux-android-gcc option to produce PIC
configure:8324: result: -fPIC -DPIC
configure:8332: checking if aarch64-linux-android-gcc PIC flag -fPIC -DPIC works
configure:8350: aarch64-linux-android-gcc -c --sysroot=/Users/lihanguang/dev_kit/Android/sdk/ndk-bundle/platforms/android-21/arch-arm64 -L/Users/lihanguang/dev_kit/Android/sdk/ndk-bundle/toolchains/aarch64-linux-android-4.9/prebuilt/darwin-x86_64/lib/gcc/aarch64-linux-android/4.9.x --sysroot=/Users/lihanguang/dev_kit/Android/sdk/ndk-bundle/platforms/android-21/arch-arm64 -fPIC -DPIC -DPIC conftest.c >&5
configure:8354: $? = 0
configure:8367: result: yes
configure:8396: checking if aarch64-linux-android-gcc static flag -static works
configure:8424: result: yes
configure:8439: checking if aarch64-linux-android-gcc supports -c -o file.o
configure:8460: aarch64-linux-android-gcc -c --sysroot=/Users/lihanguang/dev_kit/Android/sdk/ndk-bundle/platforms/android-21/arch-arm64 -L/Users/lihanguang/dev_kit/Android/sdk/ndk-bundle/toolchains/aarch64-linux-android-4.9/prebuilt/darwin-x86_64/lib/gcc/aarch64-linux-android/4.9.x --sysroot=/Users/lihanguang/dev_kit/Android/sdk/ndk-bundle/platforms/android-21/arch-arm64 -o out/conftest2.o conftest.c >&5
configure:8464: $? = 0
configure:8486: result: yes
configure:8494: checking if aarch64-linux-android-gcc supports -c -o file.o
configure:8541: result: yes
configure:8574: checking whether the aarch64-linux-android-gcc linker (/Users/lihanguang/dev_kit/Android/sdk/ndk-bundle/toolchains/aarch64-linux-android-4.9/prebuilt/darwin-x86_64/aarch64-linux-android/bin/ld) supports shared libraries
configure:9833: result: yes
configure:9870: checking whether -lc should be explicitly linked in
configure:9878: aarch64-linux-android-gcc -c --sysroot=/Users/lihanguang/dev_kit/Android/sdk/ndk-bundle/platforms/android-21/arch-arm64 -L/Users/lihanguang/dev_kit/Android/sdk/ndk-bundle/toolchains/aarch64-linux-android-4.9/prebuilt/darwin-x86_64/lib/gcc/aarch64-linux-android/4.9.x --sysroot=/Users/lihanguang/dev_kit/Android/sdk/ndk-bundle/platforms/android-21/arch-arm64 conftest.c >&5
configure:9881: $? = 0
configure:9896: aarch64-linux-android-gcc -shared  -fPIC -DPIC conftest.o  -v -Wl,-soname -Wl,conftest -o conftest 2\>\&1 \| /usr/bin/grep  -lc  \>/dev/null 2\>\&1
configure:9899: $? = 0
configure:9913: result: no
configure:10073: checking dynamic linker characteristics
configure:10891: result: Android linker
configure:11013: checking how to hardcode library paths into programs
configure:11038: result: immediate
configure:11586: checking whether stripping libraries is possible
configure:11591: result: yes
configure:11626: checking if libtool supports shared libraries
configure:11628: result: yes
configure:11631: checking whether to build shared libraries
configure:11656: result: yes
configure:11659: checking whether to build static libraries
configure:11663: result: no
configure:11705: checking whether the -Werror option is usable
configure:11724: aarch64-linux-android-gcc -c --sysroot=/Users/lihanguang/dev_kit/Android/sdk/ndk-bundle/platforms/android-21/arch-arm64 -L/Users/lihanguang/dev_kit/Android/sdk/ndk-bundle/toolchains/aarch64-linux-android-4.9/prebuilt/darwin-x86_64/lib/gcc/aarch64-linux-android/4.9.x -Werror --sysroot=/Users/lihanguang/dev_kit/Android/sdk/ndk-bundle/platforms/android-21/arch-arm64 conftest.c >&5
configure:11724: $? = 0
configure:11733: result: yes
configure:11735: checking for simple visibility declarations
configure:11762: aarch64-linux-android-gcc -c --sysroot=/Users/lihanguang/dev_kit/Android/sdk/ndk-bundle/platforms/android-21/arch-arm64 -L/Users/lihanguang/dev_kit/Android/sdk/ndk-bundle/toolchains/aarch64-linux-android-4.9/prebuilt/darwin-x86_64/lib/gcc/aarch64-linux-android/4.9.x -fvisibility=hidden -Werror --sysroot=/Users/lihanguang/dev_kit/Android/sdk/ndk-bundle/platforms/android-21/arch-arm64 conftest.c >&5
configure:11762: $? = 0
configure:11771: result: yes
configure:11948: creating ./config.status

## ---------------------- ##
## Running config.status. ##
## ---------------------- ##

This file was extended by libiconv config.status 0, which was
generated by GNU Autoconf 2.69.  Invocation command line was

  CONFIG_FILES    = 
  CONFIG_HEADERS  = 
  CONFIG_LINKS    = 
  CONFIG_COMMANDS = 
  $ ./config.status --quiet

on lihanguangs-MacBook-Pro.local

config.status:980: creating Makefile
config.status:1146: executing libtool commands

## ---------------- ##
## Cache variables. ##
## ---------------- ##

ac_cv_build=x86_64-apple-darwin18.2.0
ac_cv_c_compiler_gnu=yes
ac_cv_env_CC_set=
ac_cv_env_CC_value=
ac_cv_env_CFLAGS_set=set
ac_cv_env_CFLAGS_value='--sysroot=/Users/lihanguang/dev_kit/Android/sdk/ndk-bundle/platforms/android-21/arch-arm64 -L/Users/lihanguang/dev_kit/Android/sdk/ndk-bundle/toolchains/aarch64-linux-android-4.9/prebuilt/darwin-x86_64/lib/gcc/aarch64-linux-android/4.9.x'
ac_cv_env_CPPFLAGS_set=set
ac_cv_env_CPPFLAGS_value=--sysroot=/Users/lihanguang/dev_kit/Android/sdk/ndk-bundle/platforms/android-21/arch-arm64
ac_cv_env_CPP_set=
ac_cv_env_CPP_value=
ac_cv_env_LDFLAGS_set=
ac_cv_env_LDFLAGS_value=
ac_cv_env_LIBS_set=
ac_cv_env_LIBS_value=
ac_cv_env_LT_SYS_LIBRARY_PATH_set=
ac_cv_env_LT_SYS_LIBRARY_PATH_value=
ac_cv_env_build_alias_set=
ac_cv_env_build_alias_value=
ac_cv_env_host_alias_set=set
ac_cv_env_host_alias_value=aarch64-linux-android
ac_cv_env_target_alias_set=
ac_cv_env_target_alias_value=
ac_cv_header_dlfcn_h=yes
ac_cv_header_inttypes_h=yes
ac_cv_header_memory_h=yes
ac_cv_header_minix_config_h=no
ac_cv_header_stdc=yes
ac_cv_header_stdint_h=yes
ac_cv_header_stdlib_h=yes
ac_cv_header_string_h=yes
ac_cv_header_strings_h=yes
ac_cv_header_sys_stat_h=yes
ac_cv_header_sys_types_h=yes
ac_cv_header_unistd_h=yes
ac_cv_host=aarch64-unknown-linux-android
ac_cv_objext=o
ac_cv_path_EGREP='/usr/bin/grep -E'
ac_cv_path_FGREP='/usr/bin/grep -F'
ac_cv_path_GREP=/usr/bin/grep
ac_cv_path_SED=/usr/bin/sed
ac_cv_path_install='/usr/local/bin/ginstall -c'
ac_cv_path_lt_DD=/bin/dd
ac_cv_prog_AR=aarch64-linux-android-ar
ac_cv_prog_AWK=awk
ac_cv_prog_CC=aarch64-linux-android-gcc
ac_cv_prog_CPP='aarch64-linux-android-gcc -E'
ac_cv_prog_OBJDUMP=aarch64-linux-android-objdump
ac_cv_prog_RANLIB=aarch64-linux-android-ranlib
ac_cv_prog_STRIP=aarch64-linux-android-strip
ac_cv_prog_cc_c89=
ac_cv_prog_cc_g=yes
ac_cv_prog_make_make_set=yes
ac_cv_safe_to_define___extensions__=yes
ac_cv_should_define__xopen_source=no
gl_cv_cc_vis_werror=yes
gl_cv_cc_visibility=yes
lt_cv_ar_at_file=@
lt_cv_archive_cmds_need_lc=no
lt_cv_deplibs_check_method=pass_all
lt_cv_file_magic_cmd='$MAGIC_CMD'
lt_cv_file_magic_test_file=
lt_cv_ld_reload_flag=-r
lt_cv_nm_interface='BSD nm'
lt_cv_objdir=.libs
lt_cv_path_LD=/Users/lihanguang/dev_kit/Android/sdk/ndk-bundle/toolchains/aarch64-linux-android-4.9/prebuilt/darwin-x86_64/aarch64-linux-android/bin/ld
lt_cv_path_NM='/Users/lihanguang/dev_kit/Android/sdk/ndk-bundle/toolchains/aarch64-linux-android-4.9/prebuilt/darwin-x86_64/bin/aarch64-linux-android-nm -B'
lt_cv_path_mainfest_tool=no
lt_cv_prog_compiler_c_o=yes
lt_cv_prog_compiler_pic='-fPIC -DPIC'
lt_cv_prog_compiler_pic_works=yes
lt_cv_prog_compiler_rtti_exceptions=no
lt_cv_prog_compiler_static_works=yes
lt_cv_prog_gnu_ld=yes
lt_cv_sharedlib_from_linklib_cmd='printf %s\n'
lt_cv_sys_global_symbol_pipe='sed -n -e '\''s/^.*[	 ]\([ABCDGIRSTW][ABCDGIRSTW]*\)[	 ][	 ]*\([_A-Za-z][_A-Za-z0-9]*\)$/\1 \2 \2/p'\'' | sed '\''/ __gnu_lto/d'\'''
lt_cv_sys_global_symbol_to_c_name_address='sed -n -e '\''s/^: \(.*\) .*$/  {"\1", (void *) 0},/p'\'' -e '\''s/^[ABCDGIRSTW][ABCDGIRSTW]* .* \(.*\)$/  {"\1", (void *) \&\1},/p'\'''
lt_cv_sys_global_symbol_to_c_name_address_lib_prefix='sed -n -e '\''s/^: \(.*\) .*$/  {"\1", (void *) 0},/p'\'' -e '\''s/^[ABCDGIRSTW][ABCDGIRSTW]* .* \(lib.*\)$/  {"\1", (void *) \&\1},/p'\'' -e '\''s/^[ABCDGIRSTW][ABCDGIRSTW]* .* \(.*\)$/  {"lib\1", (void *) \&\1},/p'\'''
lt_cv_sys_global_symbol_to_cdecl='sed -n -e '\''s/^T .* \(.*\)$/extern int \1();/p'\'' -e '\''s/^[ABCDGIRSTW][ABCDGIRSTW]* .* \(.*\)$/extern char \1;/p'\'''
lt_cv_sys_global_symbol_to_import=
lt_cv_sys_max_cmd_len=196608
lt_cv_to_host_file_cmd=func_convert_file_noop
lt_cv_to_tool_file_cmd=func_convert_file_noop
lt_cv_truncate_bin='/bin/dd bs=4096 count=1'

## ----------------- ##
## Output variables. ##
## ----------------- ##

AR='aarch64-linux-android-ar'
AS='as'
AWK='awk'
CC='aarch64-linux-android-gcc'
CFLAGS='--sysroot=/Users/lihanguang/dev_kit/Android/sdk/ndk-bundle/platforms/android-21/arch-arm64 -L/Users/lihanguang/dev_kit/Android/sdk/ndk-bundle/toolchains/aarch64-linux-android-4.9/prebuilt/darwin-x86_64/lib/gcc/aarch64-linux-android/4.9.x'
CFLAG_VISIBILITY='-fvisibility=hidden'
CPP='aarch64-linux-android-gcc -E'
CPPFLAGS='--sysroot=/Users/lihanguang/dev_kit/Android/sdk/ndk-bundle/platforms/android-21/arch-arm64'
DEFS='-DPACKAGE_NAME=\"libiconv\" -DPACKAGE_TARNAME=\"libiconv\" -DPACKAGE_VERSION=\"0\" -DPACKAGE_STRING=\"libiconv\ 0\" -DPACKAGE_BUGREPORT=\"\" -DPACKAGE_URL=\"\" -DINSTALLPREFIX=\"/Users/lihanguang/dev_kit/haskell/ghc-build-scripts/dist/libiconv_prefix/aarch64-linux-android\" -DSTDC_HEADERS=1 -DHAVE_SYS_TYPES_H=1 -DHAVE_SYS_STAT_H=1 -DHAVE_STDLIB_H=1 -DHAVE_STRING_H=1 -DHAVE_MEMORY_H=1 -DHAVE_STRINGS_H=1 -DHAVE_INTTYPES_H=1 -DHAVE_STDINT_H=1 -DHAVE_UNISTD_H=1 -D__EXTENSIONS__=1 -D_ALL_SOURCE=1 -D_DARWIN_C_SOURCE=1 -D_GNU_SOURCE=1 -D_POSIX_PTHREAD_SEMANTICS=1 -D__STDC_WANT_IEC_60559_ATTRIBS_EXT__=1 -D__STDC_WANT_IEC_60559_BFP_EXT__=1 -D__STDC_WANT_IEC_60559_DFP_EXT__=1 -D__STDC_WANT_IEC_60559_FUNCS_EXT__=1 -D__STDC_WANT_IEC_60559_TYPES_EXT__=1 -D__STDC_WANT_LIB_EXT2__=1 -D__STDC_WANT_MATH_SPEC_FUNCS__=1 -D_TANDEM_SOURCE=1 -DHAVE_DLFCN_H=1 -DLT_OBJDIR=\".libs/\" -DHAVE_VISIBILITY=1'
DLLTOOL='false'
DSYMUTIL=''
DUMPBIN=''
ECHO_C='\c'
ECHO_N=''
ECHO_T=''
EGREP='/usr/bin/grep -E'
EXEEXT=''
FGREP='/usr/bin/grep -F'
GREP='/usr/bin/grep'
HAVE_VISIBILITY='1'
INSTALL_DATA='${INSTALL} -m 644'
INSTALL_PROGRAM='${INSTALL}'
INSTALL_SCRIPT='${INSTALL}'
LD='/Users/lihanguang/dev_kit/Android/sdk/ndk-bundle/toolchains/aarch64-linux-android-4.9/prebuilt/darwin-x86_64/aarch64-linux-android/bin/ld'
LDFLAGS=''
LIBOBJS=''
LIBS=''
LIBTOOL='/bin/sh $(top_builddir)/libtool'
LIPO=''
LN_S='ln -s'
LTLIBOBJS=''
LT_SYS_LIBRARY_PATH=''
MANIFEST_TOOL=':'
NM='/Users/lihanguang/dev_kit/Android/sdk/ndk-bundle/toolchains/aarch64-linux-android-4.9/prebuilt/darwin-x86_64/bin/aarch64-linux-android-nm -B'
NMEDIT=''
OBJDUMP='aarch64-linux-android-objdump'
OBJEXT='o'
OTOOL64=''
OTOOL=''
PACKAGE_BUGREPORT=''
PACKAGE_NAME='libiconv'
PACKAGE_STRING='libiconv 0'
PACKAGE_TARNAME='libiconv'
PACKAGE_URL=''
PACKAGE_VERSION='0'
PATH_SEPARATOR=':'
PLUGLIB='preloadable_libiconv.so'
RANLIB='aarch64-linux-android-ranlib'
RELOCATABLE='no'
SED='/usr/bin/sed'
SET_MAKE=''
SHELL='/bin/sh'
STRIP='aarch64-linux-android-strip'
ac_ct_AR=''
ac_ct_CC=''
ac_ct_DUMPBIN=''
bindir='${exec_prefix}/bin'
build='x86_64-apple-darwin18.2.0'
build_alias=''
build_cpu='x86_64'
build_os='darwin18.2.0'
build_vendor='apple'
datadir='${datarootdir}'
datarootdir='${prefix}/share'
docdir='${datarootdir}/doc/${PACKAGE_TARNAME}'
dvidir='${docdir}'
exec_prefix='${prefix}'
host='aarch64-unknown-linux-android'
host_alias='aarch64-linux-android'
host_cpu='aarch64'
host_os='linux-android'
host_vendor='unknown'
htmldir='${docdir}'
includedir='${prefix}/include'
infodir='${datarootdir}/info'
libdir='${exec_prefix}/lib'
libexecdir='${exec_prefix}/libexec'
localedir='${datarootdir}/locale'
localstatedir='${prefix}/var'
mandir='${datarootdir}/man'
oldincludedir='/usr/include'
pdfdir='${docdir}'
prefix='/Users/lihanguang/dev_kit/haskell/ghc-build-scripts/dist/libiconv_prefix/aarch64-linux-android'
program_transform_name='s,x,x,'
psdir='${docdir}'
sbindir='${exec_prefix}/sbin'
sharedstatedir='${prefix}/com'
sysconfdir='${prefix}/etc'
target_alias=''

## ----------- ##
## confdefs.h. ##
## ----------- ##

/* confdefs.h */
#define PACKAGE_NAME "libiconv"
#define PACKAGE_TARNAME "libiconv"
#define PACKAGE_VERSION "0"
#define PACKAGE_STRING "libiconv 0"
#define PACKAGE_BUGREPORT ""
#define PACKAGE_URL ""
#define INSTALLPREFIX "/Users/lihanguang/dev_kit/haskell/ghc-build-scripts/dist/libiconv_prefix/aarch64-linux-android"
#define STDC_HEADERS 1
#define HAVE_SYS_TYPES_H 1
#define HAVE_SYS_STAT_H 1
#define HAVE_STDLIB_H 1
#define HAVE_STRING_H 1
#define HAVE_MEMORY_H 1
#define HAVE_STRINGS_H 1
#define HAVE_INTTYPES_H 1
#define HAVE_STDINT_H 1
#define HAVE_UNISTD_H 1
#define __EXTENSIONS__ 1
#define _ALL_SOURCE 1
#define _DARWIN_C_SOURCE 1
#define _GNU_SOURCE 1
#define _POSIX_PTHREAD_SEMANTICS 1
#define __STDC_WANT_IEC_60559_ATTRIBS_EXT__ 1
#define __STDC_WANT_IEC_60559_BFP_EXT__ 1
#define __STDC_WANT_IEC_60559_DFP_EXT__ 1
#define __STDC_WANT_IEC_60559_FUNCS_EXT__ 1
#define __STDC_WANT_IEC_60559_TYPES_EXT__ 1
#define __STDC_WANT_LIB_EXT2__ 1
#define __STDC_WANT_MATH_SPEC_FUNCS__ 1
#define _TANDEM_SOURCE 1
#define HAVE_DLFCN_H 1
#define LT_OBJDIR ".libs/"
#define HAVE_VISIBILITY 1

configure: exit 0
